d:\opticalluck\downloads\github\2dgc-a2\nyp_framework\release\library.pdb
d:\opticalluck\downloads\github\2dgc-a2\nyp_framework\library\release\textrenderer.obj
d:\opticalluck\downloads\github\2dgc-a2\nyp_framework\library\release\shadermanager.obj
d:\opticalluck\downloads\github\2dgc-a2\nyp_framework\library\release\spriteanimation.obj
d:\opticalluck\downloads\github\2dgc-a2\nyp_framework\library\release\meshbuilder.obj
d:\opticalluck\downloads\github\2dgc-a2\nyp_framework\library\release\mesh.obj
d:\opticalluck\downloads\github\2dgc-a2\nyp_framework\library\release\levelofdetails.obj
d:\opticalluck\downloads\github\2dgc-a2\nyp_framework\library\release\entity3d.obj
d:\opticalluck\downloads\github\2dgc-a2\nyp_framework\library\release\entity2d.obj
d:\opticalluck\downloads\github\2dgc-a2\nyp_framework\library\release\collider.obj
d:\opticalluck\downloads\github\2dgc-a2\nyp_framework\library\release\mousecontroller.obj
d:\opticalluck\downloads\github\2dgc-a2\nyp_framework\library\release\keyboardcontroller.obj
d:\opticalluck\downloads\github\2dgc-a2\nyp_framework\library\release\imgui_widgets.obj
d:\opticalluck\downloads\github\2dgc-a2\nyp_framework\library\release\imgui_tables.obj
d:\opticalluck\downloads\github\2dgc-a2\nyp_framework\library\release\imgui_draw.obj
d:\opticalluck\downloads\github\2dgc-a2\nyp_framework\library\release\imgui_demo.obj
d:\opticalluck\downloads\github\2dgc-a2\nyp_framework\library\release\imgui.obj
d:\opticalluck\downloads\github\2dgc-a2\nyp_framework\library\release\gui.obj
d:\opticalluck\downloads\github\2dgc-a2\nyp_framework\library\release\imgui_impl_opengl3.obj
d:\opticalluck\downloads\github\2dgc-a2\nyp_framework\library\release\imgui_impl_glfw.obj
d:\opticalluck\downloads\github\2dgc-a2\nyp_framework\library\release\settings.obj
d:\opticalluck\downloads\github\2dgc-a2\nyp_framework\library\release\stopwatch.obj
d:\opticalluck\downloads\github\2dgc-a2\nyp_framework\library\release\fpscounter.obj
d:\opticalluck\downloads\github\2dgc-a2\nyp_framework\library\release\loadobj.obj
d:\opticalluck\downloads\github\2dgc-a2\nyp_framework\library\release\imageloader.obj
d:\opticalluck\downloads\github\2dgc-a2\nyp_framework\library\release\csvwriter.obj
d:\opticalluck\downloads\github\2dgc-a2\nyp_framework\library\release\csvreader.obj
d:\opticalluck\downloads\github\2dgc-a2\nyp_framework\library\release\scriptmanager.obj
d:\opticalluck\downloads\github\2dgc-a2\nyp_framework\release\library.lib
d:\opticalluck\downloads\github\2dgc-a2\nyp_framework\library\release\library.tlog\cl.command.1.tlog
d:\opticalluck\downloads\github\2dgc-a2\nyp_framework\library\release\library.tlog\cl.read.1.tlog
d:\opticalluck\downloads\github\2dgc-a2\nyp_framework\library\release\library.tlog\cl.write.1.tlog
d:\opticalluck\downloads\github\2dgc-a2\nyp_framework\library\release\library.tlog\lib-link.read.1.tlog
d:\opticalluck\downloads\github\2dgc-a2\nyp_framework\library\release\library.tlog\lib-link.write.1.tlog
d:\opticalluck\downloads\github\2dgc-a2\nyp_framework\library\release\library.tlog\lib.command.1.tlog
d:\opticalluck\downloads\github\2dgc-a2\nyp_framework\library\release\library.tlog\metagen.read.1.tlog
d:\opticalluck\downloads\github\2dgc-a2\nyp_framework\library\release\library.tlog\metagen.write.1.tlog
