  Settings.cpp
  imgui_impl_glfw.cpp
  imgui_impl_opengl3.cpp
  GUI.cpp
  imgui.cpp
  imgui_demo.cpp
  imgui_draw.cpp
  imgui_tables.cpp
  imgui_widgets.cpp
  KeyboardController.cpp
  MouseController.cpp
  Collider.cpp
  Entity2D.cpp
  Entity3D.cpp
  LevelOfDetails.cpp
  Mesh.cpp
  MeshBuilder.cpp
  SpriteAnimation.cpp
D:\OpticalLuck\Downloads\GitHub\2DGC-A2\NYP_Framework\Library\Source\Primitives\SpriteAnimation.cpp(75,62): warning C4244: 'argument': conversion from 'double' to 'const unsigned int', possible loss of data
  ShaderManager.cpp
  TextRenderer.cpp
  Compiling...
  ScriptManager.cpp
  CSVReader.cpp
  CSVWriter.cpp
  ImageLoader.cpp
  LoadOBJ.cpp
  FPSCounter.cpp
  StopWatch.cpp
  Library.vcxproj -> D:\OpticalLuck\Downloads\GitHub\2DGC-A2\NYP_Framework\Release\Library.lib
