  PlayGameState.cpp
E:\School\Y2-SEM1\SP3\Team-11-Studio-Project-3\App\Source\GameStateManagement\PlayGameState.cpp(166,49): warning C4244: 'argument': conversion from 'float' to 'int', possible loss of data
E:\School\Y2-SEM1\SP3\Team-11-Studio-Project-3\App\Source\GameStateManagement\PlayGameState.cpp(331,31): warning C4018: '<': signed/unsigned mismatch
E:\School\Y2-SEM1\SP3\Team-11-Studio-Project-3\App\Source\GameStateManagement\PlayGameState.cpp(346,56): warning C4244: 'argument': conversion from 'double' to 'float', possible loss of data
E:\School\Y2-SEM1\SP3\Team-11-Studio-Project-3\App\Source\GameStateManagement\PlayGameState.cpp(377,58): warning C4244: 'argument': conversion from 'int' to 'float', possible loss of data
E:\School\Y2-SEM1\SP3\Team-11-Studio-Project-3\App\Source\GameStateManagement\PlayGameState.cpp(379,90): warning C4244: 'argument': conversion from 'double' to 'float', possible loss of data
E:\School\Y2-SEM1\SP3\Team-11-Studio-Project-3\App\Source\GameStateManagement\PlayGameState.cpp(379,57): warning C4244: 'argument': conversion from 'double' to 'float', possible loss of data
E:\School\Y2-SEM1\SP3\Team-11-Studio-Project-3\App\Source\GameStateManagement\PlayGameState.cpp(400,57): warning C4244: 'argument': conversion from 'int' to 'float', possible loss of data
E:\School\Y2-SEM1\SP3\Team-11-Studio-Project-3\App\Source\GameStateManagement\PlayGameState.cpp(402,89): warning C4244: 'argument': conversion from 'double' to 'float', possible loss of data
E:\School\Y2-SEM1\SP3\Team-11-Studio-Project-3\App\Source\GameStateManagement\PlayGameState.cpp(402,56): warning C4244: 'argument': conversion from 'double' to 'float', possible loss of data
E:\School\Y2-SEM1\SP3\Team-11-Studio-Project-3\App\Source\GameStateManagement\PlayGameState.cpp(422,72): warning C4244: 'argument': conversion from 'double' to 'float', possible loss of data
E:\School\Y2-SEM1\SP3\Team-11-Studio-Project-3\App\Source\GameStateManagement\PlayGameState.cpp(424,88): warning C4244: 'argument': conversion from 'double' to 'float', possible loss of data
E:\School\Y2-SEM1\SP3\Team-11-Studio-Project-3\App\Source\GameStateManagement\PlayGameState.cpp(424,55): warning C4244: 'argument': conversion from 'double' to 'float', possible loss of data
E:\School\Y2-SEM1\SP3\Team-11-Studio-Project-3\App\Source\GameStateManagement\PlayGameState.cpp(435,36): warning C4244: 'argument': conversion from 'double' to 'float', possible loss of data
  Generating code
  1 of 6627 functions (<0.1%) were compiled, the rest were copied from previous compilation.
    0 functions were new in current compilation
    47 functions had inline decision re-evaluated but remain unchanged
  Finished generating code
  App.vcxproj -> E:\School\Y2-SEM1\SP3\Team-11-Studio-Project-3\Release\App.exe
